<?xml version="1.0" encoding="UTF-8"?>
<!-- Generated by org.testng.reporters.JUnitReportReporter -->
<testsuite skipped="0" hostname="INBADSBHATTACHARJEE" name="com.naukri.qa.testcases.LoginPageTest" tests="3" failures="0" timestamp="07 Jan 2019 13:26:12 GMT" time="41.808" errors="0">
  <testcase name="LoginPageTitleTest" time="11.875" classname="com.naukri.qa.testcases.LoginPageTest"/>
  <testcase name="LoginPopupTest" time="8.461" classname="com.naukri.qa.testcases.LoginPageTest"/>
  <testcase name="LoginTest" time="21.472" classname="com.naukri.qa.testcases.LoginPageTest"/>
</testsuite> <!-- com.naukri.qa.testcases.LoginPageTest -->
