<?xml version="1.0" encoding="UTF-8"?>
<!-- Generated by org.testng.reporters.JUnitReportReporter -->
<testsuite hostname="INBADSBHATTACHARJEE" name="com.naukri.qa.testcases.LoginPageTest" tests="3" failures="0" timestamp="8 Jan 2019 09:50:34 GMT" time="35.438" errors="0">
  <testcase name="LoginTest" time="18.475" classname="com.naukri.qa.testcases.LoginPageTest"/>
  <testcase name="LoginPageTitleTest" time="9.629" classname="com.naukri.qa.testcases.LoginPageTest"/>
  <testcase name="LoginPopupTest" time="7.334" classname="com.naukri.qa.testcases.LoginPageTest"/>
</testsuite> <!-- com.naukri.qa.testcases.LoginPageTest -->
